<?xml version="1.0" encoding="utf-8"?><testsuites name="pytest tests"><testsuite name="pytest" errors="0" failures="0" skipped="0" tests="8" time="20.970" timestamp="2026-09-02T11:11:50.185819+00:00" hostname="agent-env-69033126-c56d-4457-879c-8a093fac717e"><testcase classname="tests.backend_test.TestLeaderboard" name="test_create_and_persist" time="0.429" /><testcase classname="tests.backend_test.TestQuestions" name="test_questions_shape" time="0.225" /><testcase classname="tests.backend_test.TestQuestions" name="test_shuffle_between_calls" time="0.090" /><testcase classname="tests.backend_test.TestQuestions" name="test_correct_answer_consistent_across_shuffle" time="0.095" /><testcase classname="tests.backend_test.TestHealth" name="test_root" time="0.047" /><testcase classname="tests.backend_test.TestLeaderboard" name="test_sorting" time="3.473" /><testcase classname="tests.backend_test.TestRegenerate" name="test_regenerate" time="19.331" /><testcase classname="tests.backend_test.TestLeaderboard" name="test_validation_errors" time="0.211" /></testsuite></testsuites>